Using pre-set license
Built from '2020.3/staging' branch; Version is '2020.3.11f1 (99c7afb366b3) revision 10078127'; Using compiler version '192528614'; Build Type 'Release'
OS: 'Windows 10 Pro; OS build 19043.1052; Version 2009; 64bit' Language: 'ko' Physical Memory: 32676 MB
BatchMode: 1, IsHumanControllingUs: 0, StartBugReporterOnCrash: 0, Is64bit: 1, IsPro: 0

 COMMAND LINE ARGUMENTS:
E:\Unity\2020.3.11f1\Editor\Unity.exe
-adb2
-batchMode
-noUpm
-name
AssetImportWorker0
-projectPath
C:/UnityProject/Test/ObjectPool
-logFile
Logs/AssetImportWorker0.log
-srvPort
14570
Successfully changed project path to: C:/UnityProject/Test/ObjectPool
C:/UnityProject/Test/ObjectPool
Using Asset Import Pipeline V2.
Refreshing native plugins compatible for Editor in 20.28 ms, found 2 plugins.
Preloading 0 native plugins for Editor in 0.00 ms.
Initialize engine version: 2020.3.11f1 (99c7afb366b3)
[Subsystems] Discovering subsystems at path E:/Unity/2020.3.11f1/Editor/Data/Resources/UnitySubsystems
[Subsystems] Discovering subsystems at path C:/UnityProject/Test/ObjectPool/Assets
GfxDevice: creating device client; threaded=0
Direct3D:
    Version:  Direct3D 11.0 [level 11.1]
    Renderer: NVIDIA GeForce GTX 1060 3GB (ID=0x1b84)
    Vendor:   
    VRAM:     2988 MB
    Driver:   27.21.14.5671
Initialize mono
Mono path[0] = 'E:/Unity/2020.3.11f1/Editor/Data/Managed'
Mono path[1] = 'E:/Unity/2020.3.11f1/Editor/Data/MonoBleedingEdge/lib/mono/unityjit'
Mono config path = 'E:/Unity/2020.3.11f1/Editor/Data/MonoBleedingEdge/etc'
Using monoOptions --debugger-agent=transport=dt_socket,embedding=1,server=y,suspend=n,address=127.0.0.1:56372
Begin MonoManager ReloadAssembly
Registering precompiled unity dll's ...
Register platform support module: E:/Unity/2020.3.11f1/Editor/Data/PlaybackEngines/WebGLSupport/UnityEditor.WebGL.Extensions.dll
Register platform support module: E:/Unity/2020.3.11f1/Editor/Data/PlaybackEngines/WindowsStandaloneSupport/UnityEditor.WindowsStandalone.Extensions.dll
Registered in 0.000838 seconds.
Native extension for WindowsStandalone target not found
Native extension for WebGL target not found
Refreshing native plugins compatible for Editor in 21.27 ms, found 2 plugins.
Preloading 0 native plugins for Editor in 0.00 ms.
Mono: successfully reloaded assembly
- Completed reload, in  1.255 seconds
Platform modules already initialized, skipping
Registering precompiled user dll's ...
Registered in 0.003068 seconds.
Begin MonoManager ReloadAssembly
Native extension for WindowsStandalone target not found
Native extension for WebGL target not found
Refreshing native plugins compatible for Editor in 0.36 ms, found 2 plugins.
Preloading 0 native plugins for Editor in 0.00 ms.
Mono: successfully reloaded assembly
- Completed reload, in  0.641 seconds
Platform modules already initialized, skipping
========================================================================
Worker process is ready to serve import requests
Launched and connected shader compiler UnityShaderCompiler.exe after 0.03 seconds
Refreshing native plugins compatible for Editor in 0.34 ms, found 2 plugins.
Preloading 0 native plugins for Editor in 0.00 ms.
Unloading 1507 Unused Serialized files (Serialized files now loaded: 0)
System memory in use before: 81.8 MB.
System memory in use after: 81.9 MB.

Unloading 19 unused Assets to reduce memory usage. Loaded Objects now: 1941.
Total: 1.638500 ms (FindLiveObjects: 0.110200 ms CreateObjectMapping: 0.029100 ms MarkObjects: 1.433700 ms  DeleteObjects: 0.064800 ms)

========================================================================
Received Import Request.
  path: Assets/Scenes
  artifactKey: Guid(52ac67407d0917a42a9ac478c37f8f9b) Importer(815301076,1909f56bfc062723c751e8b465ee728b)
Start importing Assets/Scenes using Guid(52ac67407d0917a42a9ac478c37f8f9b) Importer(815301076,1909f56bfc062723c751e8b465ee728b)  -> (artifact id: 'd038510a45eb936ddb1de5827e2265a8') in 0.003909 seconds
  Import took 0.005580 seconds .

========================================================================
Received Prepare
Registering precompiled user dll's ...
Registered in 0.002500 seconds.
Begin MonoManager ReloadAssembly
Native extension for WindowsStandalone target not found
Native extension for WebGL target not found
Refreshing native plugins compatible for Editor in 0.31 ms, found 2 plugins.
Preloading 0 native plugins for Editor in 0.00 ms.
Mono: successfully reloaded assembly
- Completed reload, in  0.662 seconds
Platform modules already initialized, skipping
Refreshing native plugins compatible for Editor in 0.30 ms, found 2 plugins.
Preloading 0 native plugins for Editor in 0.00 ms.
Unloading 1438 Unused Serialized files (Serialized files now loaded: 0)
System memory in use before: 75.4 MB.
System memory in use after: 75.5 MB.

Unloading 14 unused Assets to reduce memory usage. Loaded Objects now: 1945.
Total: 1.635100 ms (FindLiveObjects: 0.135700 ms CreateObjectMapping: 0.034400 ms MarkObjects: 1.415400 ms  DeleteObjects: 0.048700 ms)

========================================================================
Received Prepare
Registering precompiled user dll's ...
Registered in 0.002372 seconds.
Begin MonoManager ReloadAssembly
Native extension for WindowsStandalone target not found
Native extension for WebGL target not found
Refreshing native plugins compatible for Editor in 0.31 ms, found 2 plugins.
Preloading 0 native plugins for Editor in 0.00 ms.
Mono: successfully reloaded assembly
- Completed reload, in  0.628 seconds
Platform modules already initialized, skipping
Refreshing native plugins compatible for Editor in 0.30 ms, found 2 plugins.
Preloading 0 native plugins for Editor in 0.00 ms.
Unloading 1438 Unused Serialized files (Serialized files now loaded: 0)
System memory in use before: 75.4 MB.
System memory in use after: 75.5 MB.

Unloading 14 unused Assets to reduce memory usage. Loaded Objects now: 1948.
Total: 1.603700 ms (FindLiveObjects: 0.101800 ms CreateObjectMapping: 0.032700 ms MarkObjects: 1.422400 ms  DeleteObjects: 0.045700 ms)

========================================================================
Received Import Request.
  Time since last request: 3721.654761 seconds.
  path: Assets/Models/Materials/None.mat
  artifactKey: Guid(165f0b8e823744e4e9b18ef53875681a) Importer(815301076,1909f56bfc062723c751e8b465ee728b)
Start importing Assets/Models/Materials/None.mat using Guid(165f0b8e823744e4e9b18ef53875681a) Importer(815301076,1909f56bfc062723c751e8b465ee728b)  -> (artifact id: 'd2f0f9794d0ccb98f820100542cfd219') in 0.082292 seconds
  Import took 0.084529 seconds .

========================================================================
Received Prepare
Registering precompiled user dll's ...
Registered in 0.003613 seconds.
Begin MonoManager ReloadAssembly
Native extension for WindowsStandalone target not found
Native extension for WebGL target not found
Refreshing native plugins compatible for Editor in 0.31 ms, found 2 plugins.
Preloading 0 native plugins for Editor in 0.00 ms.
Mono: successfully reloaded assembly
- Completed reload, in  0.660 seconds
Platform modules already initialized, skipping
Refreshing native plugins compatible for Editor in 0.31 ms, found 2 plugins.
Preloading 0 native plugins for Editor in 0.00 ms.
Unloading 1439 Unused Serialized files (Serialized files now loaded: 0)
System memory in use before: 78.8 MB.
System memory in use after: 78.9 MB.

Unloading 14 unused Assets to reduce memory usage. Loaded Objects now: 1992.
Total: 2.732000 ms (FindLiveObjects: 0.149100 ms CreateObjectMapping: 0.033800 ms MarkObjects: 2.479200 ms  DeleteObjects: 0.069200 ms)

========================================================================
Received Import Request.
  Time since last request: 79.197799 seconds.
  path: Assets/MoveLocal.cs
  artifactKey: Guid(de3e972534bbef14198b03b57d8efc85) Importer(815301076,1909f56bfc062723c751e8b465ee728b)
Start importing Assets/MoveLocal.cs using Guid(de3e972534bbef14198b03b57d8efc85) Importer(815301076,1909f56bfc062723c751e8b465ee728b)  -> (artifact id: '107c62dbbb67ffb5040e0ad818501f31') in 0.006498 seconds
  Import took 0.008762 seconds .

========================================================================
Received Prepare
Registering precompiled user dll's ...
Registered in 0.002479 seconds.
Begin MonoManager ReloadAssembly
Native extension for WindowsStandalone target not found
Native extension for WebGL target not found
Refreshing native plugins compatible for Editor in 0.35 ms, found 2 plugins.
Preloading 0 native plugins for Editor in 0.00 ms.
Mono: successfully reloaded assembly
- Completed reload, in  0.648 seconds
Platform modules already initialized, skipping
Refreshing native plugins compatible for Editor in 0.29 ms, found 2 plugins.
Preloading 0 native plugins for Editor in 0.00 ms.
Unloading 1439 Unused Serialized files (Serialized files now loaded: 0)
System memory in use before: 78.8 MB.
System memory in use after: 78.9 MB.

Unloading 14 unused Assets to reduce memory usage. Loaded Objects now: 1995.
Total: 1.953900 ms (FindLiveObjects: 0.203200 ms CreateObjectMapping: 0.033800 ms MarkObjects: 1.667800 ms  DeleteObjects: 0.047500 ms)

========================================================================
Received Import Request.
  Time since last request: 94.294266 seconds.
  path: Assets/Prefabs/Missile1.prefab
  artifactKey: Guid(c4f6c237149d5a245a5d154bc213158f) Importer(815301076,1909f56bfc062723c751e8b465ee728b)
Start importing Assets/Prefabs/Missile1.prefab using Guid(c4f6c237149d5a245a5d154bc213158f) Importer(815301076,1909f56bfc062723c751e8b465ee728b)  -> (artifact id: '44cec302b109dcee09326c59f3160af2') in 0.056950 seconds
  Import took 0.059101 seconds .

========================================================================
Received Import Request.
  Time since last request: 1.439742 seconds.
  path: Assets/Prefabs/Missile2.prefab
  artifactKey: Guid(ebfbca4d41c6f7c4cba68188654eb854) Importer(815301076,1909f56bfc062723c751e8b465ee728b)
Start importing Assets/Prefabs/Missile2.prefab using Guid(ebfbca4d41c6f7c4cba68188654eb854) Importer(815301076,1909f56bfc062723c751e8b465ee728b)  -> (artifact id: 'b663f1e8c621db9ee7fb79152213873d') in 0.006060 seconds
  Import took 0.008099 seconds .

========================================================================
Received Import Request.
  Time since last request: 0.000255 seconds.
  path: Assets/Prefabs/Missile2.prefab
  artifactKey: Guid(ebfbca4d41c6f7c4cba68188654eb854) Importer(815301076,1909f56bfc062723c751e8b465ee728b)
Start importing Assets/Prefabs/Missile2.prefab using Guid(ebfbca4d41c6f7c4cba68188654eb854) Importer(815301076,1909f56bfc062723c751e8b465ee728b)  -> (artifact id: 'b663f1e8c621db9ee7fb79152213873d') in 0.005801 seconds
  Import took 0.007800 seconds .

========================================================================
Received Import Request.
  Time since last request: 4.846661 seconds.
  path: Assets/Prefabs/Missile2.prefab
  artifactKey: Guid(ebfbca4d41c6f7c4cba68188654eb854) Importer(815301076,1909f56bfc062723c751e8b465ee728b)
Start importing Assets/Prefabs/Missile2.prefab using Guid(ebfbca4d41c6f7c4cba68188654eb854) Importer(815301076,1909f56bfc062723c751e8b465ee728b)  -> (artifact id: '931e871ed36967ca9657770eaa50301b') in 0.008118 seconds
  Import took 0.010306 seconds .

========================================================================
Received Prepare
Registering precompiled user dll's ...
Registered in 0.002437 seconds.
Begin MonoManager ReloadAssembly
Native extension for WindowsStandalone target not found
Native extension for WebGL target not found
Refreshing native plugins compatible for Editor in 0.30 ms, found 2 plugins.
Preloading 0 native plugins for Editor in 0.00 ms.
Mono: successfully reloaded assembly
- Completed reload, in  0.634 seconds
Platform modules already initialized, skipping
Refreshing native plugins compatible for Editor in 0.29 ms, found 2 plugins.
Preloading 0 native plugins for Editor in 0.00 ms.
Unloading 1439 Unused Serialized files (Serialized files now loaded: 0)
System memory in use before: 78.9 MB.
System memory in use after: 79.0 MB.

Unloading 15 unused Assets to reduce memory usage. Loaded Objects now: 2001.
Total: 1.560200 ms (FindLiveObjects: 0.113100 ms CreateObjectMapping: 0.028100 ms MarkObjects: 1.376000 ms  DeleteObjects: 0.042300 ms)

========================================================================
Received Import Request.
  Time since last request: 78.528064 seconds.
  path: Assets/Prefabs/Missile1.prefab
  artifactKey: Guid(c4f6c237149d5a245a5d154bc213158f) Importer(815301076,1909f56bfc062723c751e8b465ee728b)
Start importing Assets/Prefabs/Missile1.prefab using Guid(c4f6c237149d5a245a5d154bc213158f) Importer(815301076,1909f56bfc062723c751e8b465ee728b)  -> (artifact id: 'f7b91592444d0029ab84edb9fefb931f') in 0.043116 seconds
  Import took 0.045298 seconds .

========================================================================
Received Import Request.
  Time since last request: 3.562604 seconds.
  path: Assets/Prefabs/Missile2.prefab
  artifactKey: Guid(ebfbca4d41c6f7c4cba68188654eb854) Importer(815301076,1909f56bfc062723c751e8b465ee728b)
Start importing Assets/Prefabs/Missile2.prefab using Guid(ebfbca4d41c6f7c4cba68188654eb854) Importer(815301076,1909f56bfc062723c751e8b465ee728b)  -> (artifact id: '2ac2bc598471e44d0c1b23997eb5570d') in 0.013791 seconds
  Import took 0.016400 seconds .

========================================================================
Received Prepare
Registering precompiled user dll's ...
Registered in 0.002602 seconds.
Begin MonoManager ReloadAssembly
Native extension for WindowsStandalone target not found
Native extension for WebGL target not found
Refreshing native plugins compatible for Editor in 0.33 ms, found 2 plugins.
Preloading 0 native plugins for Editor in 0.00 ms.
Mono: successfully reloaded assembly
- Completed reload, in  0.663 seconds
Platform modules already initialized, skipping
Refreshing native plugins compatible for Editor in 0.31 ms, found 2 plugins.
Preloading 0 native plugins for Editor in 0.00 ms.
Unloading 1439 Unused Serialized files (Serialized files now loaded: 0)
System memory in use before: 78.9 MB.
System memory in use after: 79.0 MB.

Unloading 15 unused Assets to reduce memory usage. Loaded Objects now: 2005.
Total: 1.574800 ms (FindLiveObjects: 0.123500 ms CreateObjectMapping: 0.033500 ms MarkObjects: 1.367800 ms  DeleteObjects: 0.049200 ms)

========================================================================
Received Prepare
Registering precompiled user dll's ...
Registered in 0.002747 seconds.
Begin MonoManager ReloadAssembly
Native extension for WindowsStandalone target not found
Native extension for WebGL target not found
Refreshing native plugins compatible for Editor in 0.34 ms, found 2 plugins.
Preloading 0 native plugins for Editor in 0.00 ms.
Mono: successfully reloaded assembly
- Completed reload, in  0.636 seconds
Platform modules already initialized, skipping
Refreshing native plugins compatible for Editor in 0.30 ms, found 2 plugins.
Preloading 0 native plugins for Editor in 0.00 ms.
Unloading 1439 Unused Serialized files (Serialized files now loaded: 0)
System memory in use before: 78.9 MB.
System memory in use after: 79.0 MB.

Unloading 14 unused Assets to reduce memory usage. Loaded Objects now: 2008.
Total: 1.682000 ms (FindLiveObjects: 0.130700 ms CreateObjectMapping: 0.028700 ms MarkObjects: 1.479100 ms  DeleteObjects: 0.043000 ms)

========================================================================
Received Prepare
Registering precompiled user dll's ...
Registered in 0.002848 seconds.
Begin MonoManager ReloadAssembly
Native extension for WindowsStandalone target not found
Native extension for WebGL target not found
Refreshing native plugins compatible for Editor in 0.32 ms, found 2 plugins.
Preloading 0 native plugins for Editor in 0.00 ms.
Mono: successfully reloaded assembly
- Completed reload, in  0.640 seconds
Platform modules already initialized, skipping
Refreshing native plugins compatible for Editor in 0.32 ms, found 2 plugins.
Preloading 0 native plugins for Editor in 0.00 ms.
Unloading 1440 Unused Serialized files (Serialized files now loaded: 0)
System memory in use before: 78.9 MB.
System memory in use after: 79.0 MB.

Unloading 14 unused Assets to reduce memory usage. Loaded Objects now: 2012.
Total: 1.664800 ms (FindLiveObjects: 0.126600 ms CreateObjectMapping: 0.027900 ms MarkObjects: 1.466500 ms  DeleteObjects: 0.043100 ms)

