Using pre-set license
Built from '2020.3/staging' branch; Version is '2020.3.11f1 (99c7afb366b3) revision 10078127'; Using compiler version '192528614'; Build Type 'Release'
OS: 'Windows 10 Pro; OS build 19043.1052; Version 2009; 64bit' Language: 'ko' Physical Memory: 32676 MB
BatchMode: 1, IsHumanControllingUs: 0, StartBugReporterOnCrash: 0, Is64bit: 1, IsPro: 0

 COMMAND LINE ARGUMENTS:
E:\Unity\2020.3.11f1\Editor\Unity.exe
-adb2
-batchMode
-noUpm
-name
AssetImportWorker0
-projectPath
C:/UnityProject/Test/ObjectPool
-logFile
Logs/AssetImportWorker0.log
-srvPort
11504
Successfully changed project path to: C:/UnityProject/Test/ObjectPool
C:/UnityProject/Test/ObjectPool
Using Asset Import Pipeline V2.
Refreshing native plugins compatible for Editor in 22.16 ms, found 2 plugins.
Preloading 0 native plugins for Editor in 0.00 ms.
Initialize engine version: 2020.3.11f1 (99c7afb366b3)
[Subsystems] Discovering subsystems at path E:/Unity/2020.3.11f1/Editor/Data/Resources/UnitySubsystems
[Subsystems] Discovering subsystems at path C:/UnityProject/Test/ObjectPool/Assets
GfxDevice: creating device client; threaded=0
Direct3D:
    Version:  Direct3D 11.0 [level 11.1]
    Renderer: NVIDIA GeForce GTX 1060 3GB (ID=0x1b84)
    Vendor:   
    VRAM:     2988 MB
    Driver:   27.21.14.5671
Initialize mono
Mono path[0] = 'E:/Unity/2020.3.11f1/Editor/Data/Managed'
Mono path[1] = 'E:/Unity/2020.3.11f1/Editor/Data/MonoBleedingEdge/lib/mono/unityjit'
Mono config path = 'E:/Unity/2020.3.11f1/Editor/Data/MonoBleedingEdge/etc'
Using monoOptions --debugger-agent=transport=dt_socket,embedding=1,server=y,suspend=n,address=127.0.0.1:56448
Begin MonoManager ReloadAssembly
Registering precompiled unity dll's ...
Register platform support module: E:/Unity/2020.3.11f1/Editor/Data/PlaybackEngines/WebGLSupport/UnityEditor.WebGL.Extensions.dll
Register platform support module: E:/Unity/2020.3.11f1/Editor/Data/PlaybackEngines/WindowsStandaloneSupport/UnityEditor.WindowsStandalone.Extensions.dll
Registered in 0.000851 seconds.
Native extension for WindowsStandalone target not found
Native extension for WebGL target not found
Refreshing native plugins compatible for Editor in 29.00 ms, found 2 plugins.
Preloading 0 native plugins for Editor in 0.00 ms.
Mono: successfully reloaded assembly
- Completed reload, in  1.301 seconds
Platform modules already initialized, skipping
Registering precompiled user dll's ...
Registered in 0.002672 seconds.
Begin MonoManager ReloadAssembly
Native extension for WindowsStandalone target not found
Native extension for WebGL target not found
Refreshing native plugins compatible for Editor in 0.33 ms, found 2 plugins.
Preloading 0 native plugins for Editor in 0.00 ms.
Mono: successfully reloaded assembly
- Completed reload, in  0.667 seconds
Platform modules already initialized, skipping
========================================================================
Worker process is ready to serve import requests
Launched and connected shader compiler UnityShaderCompiler.exe after 0.03 seconds
Refreshing native plugins compatible for Editor in 0.53 ms, found 2 plugins.
Preloading 0 native plugins for Editor in 0.00 ms.
Unloading 1507 Unused Serialized files (Serialized files now loaded: 0)
System memory in use before: 81.7 MB.
System memory in use after: 81.7 MB.

Unloading 19 unused Assets to reduce memory usage. Loaded Objects now: 1940.
Total: 1.817900 ms (FindLiveObjects: 0.128800 ms CreateObjectMapping: 0.027900 ms MarkObjects: 1.594300 ms  DeleteObjects: 0.066000 ms)

========================================================================
Received Import Request.
  path: Assets/Materials/MetalFloor.mat
  artifactKey: Guid(306babe39e3644717b80cbd4c7b696c7) Importer(815301076,1909f56bfc062723c751e8b465ee728b)
Start importing Assets/Materials/MetalFloor.mat using Guid(306babe39e3644717b80cbd4c7b696c7) Importer(815301076,1909f56bfc062723c751e8b465ee728b)  -> (artifact id: 'e800fdce7c2c470e43289fc5b64059a3') in 0.070371 seconds
  Import took 0.072645 seconds .

========================================================================
Received Import Request.
  Time since last request: 0.000140 seconds.
  path: Assets/Materials/Metal.mat
  artifactKey: Guid(7574370b3e80545b4b57aa4178c14952) Importer(815301076,1909f56bfc062723c751e8b465ee728b)
Start importing Assets/Materials/Metal.mat using Guid(7574370b3e80545b4b57aa4178c14952) Importer(815301076,1909f56bfc062723c751e8b465ee728b)  -> (artifact id: 'f249ecd1e42d473655bb6f57e94656f4') in 0.007466 seconds
  Import took 0.009504 seconds .

========================================================================
Received Import Request.
  Time since last request: 3.932874 seconds.
  path: Assets/ExampleScenes/ExampleScene.unity
  artifactKey: Guid(9e5ec01e4f0b748869322d69516644d0) Importer(815301076,1909f56bfc062723c751e8b465ee728b)
Start importing Assets/ExampleScenes/ExampleScene.unity using Guid(9e5ec01e4f0b748869322d69516644d0) Importer(815301076,1909f56bfc062723c751e8b465ee728b)  -> (artifact id: '05536f2f8fab79c6831d89b6aec6d22f') in 0.002032 seconds
  Import took 0.003961 seconds .

========================================================================
Received Import Request.
  Time since last request: 0.004617 seconds.
  path: Assets/ExampleScenes/ExampleScene.unity
  artifactKey: Guid(9e5ec01e4f0b748869322d69516644d0) Importer(815301076,1909f56bfc062723c751e8b465ee728b)
Start importing Assets/ExampleScenes/ExampleScene.unity using Guid(9e5ec01e4f0b748869322d69516644d0) Importer(815301076,1909f56bfc062723c751e8b465ee728b)  -> (artifact id: '05536f2f8fab79c6831d89b6aec6d22f') in 0.002506 seconds
  Import took 0.004602 seconds .

========================================================================
Received Import Request.
  Time since last request: 75.880254 seconds.
  path: Assets/Prefabs/icospherePrefab.prefab
  artifactKey: Guid(ccb8af7ca6bd04671a94ec52ef9b6941) Importer(815301076,1909f56bfc062723c751e8b465ee728b)
Start importing Assets/Prefabs/icospherePrefab.prefab using Guid(ccb8af7ca6bd04671a94ec52ef9b6941) Importer(815301076,1909f56bfc062723c751e8b465ee728b)  -> (artifact id: 'e5498506a88e966664224d7b7085c595') in 0.013351 seconds
  Import took 0.016135 seconds .

========================================================================
Received Import Request.
  Time since last request: 0.002250 seconds.
  path: Assets/Prefabs/icospherePrefab.prefab
  artifactKey: Guid(ccb8af7ca6bd04671a94ec52ef9b6941) Importer(815301076,1909f56bfc062723c751e8b465ee728b)
Start importing Assets/Prefabs/icospherePrefab.prefab using Guid(ccb8af7ca6bd04671a94ec52ef9b6941) Importer(815301076,1909f56bfc062723c751e8b465ee728b)  -> (artifact id: 'e5498506a88e966664224d7b7085c595') in 0.005283 seconds
  Import took 0.007451 seconds .

========================================================================
Received Prepare
Registering precompiled user dll's ...
Registered in 0.002517 seconds.
Begin MonoManager ReloadAssembly
Native extension for WindowsStandalone target not found
Native extension for WebGL target not found
Refreshing native plugins compatible for Editor in 0.33 ms, found 2 plugins.
Preloading 0 native plugins for Editor in 0.00 ms.
Mono: successfully reloaded assembly
- Completed reload, in  0.676 seconds
Platform modules already initialized, skipping
Refreshing native plugins compatible for Editor in 0.35 ms, found 2 plugins.
Preloading 0 native plugins for Editor in 0.00 ms.
Unloading 1437 Unused Serialized files (Serialized files now loaded: 0)
System memory in use before: 78.6 MB.
System memory in use after: 78.7 MB.

Unloading 14 unused Assets to reduce memory usage. Loaded Objects now: 1983.
Total: 2.104200 ms (FindLiveObjects: 0.141800 ms CreateObjectMapping: 0.028800 ms MarkObjects: 1.880200 ms  DeleteObjects: 0.052600 ms)

========================================================================
Received Import Request.
  Time since last request: 28.099956 seconds.
  path: Assets/Prefabs/Sphere.prefab
  artifactKey: Guid(5d9f3547049d4ae4bbcb93d0674b665a) Importer(815301076,1909f56bfc062723c751e8b465ee728b)
Start importing Assets/Prefabs/Sphere.prefab using Guid(5d9f3547049d4ae4bbcb93d0674b665a) Importer(815301076,1909f56bfc062723c751e8b465ee728b)  -> (artifact id: 'e80a914d8f3ca604687882f003d053ce') in 0.040778 seconds
  Import took 0.043173 seconds .

========================================================================
Received Import Request.
  Time since last request: 88.875161 seconds.
  path: Assets/Scenes/SampleScene.unity
  artifactKey: Guid(9fc0d4010bbf28b4594072e72b8655ab) Importer(815301076,1909f56bfc062723c751e8b465ee728b)
Start importing Assets/Scenes/SampleScene.unity using Guid(9fc0d4010bbf28b4594072e72b8655ab) Importer(815301076,1909f56bfc062723c751e8b465ee728b)  -> (artifact id: '129f6ffa6b3927d257c8dfc1167d9c6f') in 0.002083 seconds
  Import took 0.004020 seconds .

========================================================================
Received Import Request.
  Time since last request: 0.000340 seconds.
  path: Assets/Scenes/SampleScene.unity
  artifactKey: Guid(9fc0d4010bbf28b4594072e72b8655ab) Importer(815301076,1909f56bfc062723c751e8b465ee728b)
Start importing Assets/Scenes/SampleScene.unity using Guid(9fc0d4010bbf28b4594072e72b8655ab) Importer(815301076,1909f56bfc062723c751e8b465ee728b)  -> (artifact id: '129f6ffa6b3927d257c8dfc1167d9c6f') in 0.001602 seconds
  Import took 0.003298 seconds .

========================================================================
Received Prepare
Registering precompiled user dll's ...
Registered in 0.002687 seconds.
Begin MonoManager ReloadAssembly
Native extension for WindowsStandalone target not found
Native extension for WebGL target not found
Refreshing native plugins compatible for Editor in 0.31 ms, found 2 plugins.
Preloading 0 native plugins for Editor in 0.00 ms.
Mono: successfully reloaded assembly
- Completed reload, in  0.694 seconds
Platform modules already initialized, skipping
Refreshing native plugins compatible for Editor in 0.30 ms, found 2 plugins.
Preloading 0 native plugins for Editor in 0.00 ms.
Unloading 1437 Unused Serialized files (Serialized files now loaded: 0)
System memory in use before: 78.7 MB.
System memory in use after: 78.8 MB.

Unloading 15 unused Assets to reduce memory usage. Loaded Objects now: 1988.
Total: 1.685200 ms (FindLiveObjects: 0.141700 ms CreateObjectMapping: 0.030400 ms MarkObjects: 1.464000 ms  DeleteObjects: 0.048100 ms)

========================================================================
Received Prepare
Registering precompiled user dll's ...
Registered in 0.003471 seconds.
Begin MonoManager ReloadAssembly
Native extension for WindowsStandalone target not found
Native extension for WebGL target not found
Refreshing native plugins compatible for Editor in 0.32 ms, found 2 plugins.
Preloading 0 native plugins for Editor in 0.00 ms.
Mono: successfully reloaded assembly
- Completed reload, in  0.689 seconds
Platform modules already initialized, skipping
Refreshing native plugins compatible for Editor in 0.32 ms, found 2 plugins.
Preloading 0 native plugins for Editor in 0.00 ms.
Unloading 1437 Unused Serialized files (Serialized files now loaded: 0)
System memory in use before: 78.7 MB.
System memory in use after: 78.8 MB.

Unloading 14 unused Assets to reduce memory usage. Loaded Objects now: 1991.
Total: 1.760000 ms (FindLiveObjects: 0.214700 ms CreateObjectMapping: 0.038000 ms MarkObjects: 1.461100 ms  DeleteObjects: 0.044900 ms)

========================================================================
Received Prepare
Registering precompiled user dll's ...
Registered in 0.002451 seconds.
Begin MonoManager ReloadAssembly
Native extension for WindowsStandalone target not found
Native extension for WebGL target not found
Refreshing native plugins compatible for Editor in 0.30 ms, found 2 plugins.
Preloading 0 native plugins for Editor in 0.00 ms.
Mono: successfully reloaded assembly
- Completed reload, in  0.643 seconds
Platform modules already initialized, skipping
Refreshing native plugins compatible for Editor in 0.29 ms, found 2 plugins.
Preloading 0 native plugins for Editor in 0.00 ms.
Unloading 1437 Unused Serialized files (Serialized files now loaded: 0)
System memory in use before: 78.7 MB.
System memory in use after: 78.8 MB.

Unloading 14 unused Assets to reduce memory usage. Loaded Objects now: 1994.
Total: 1.646000 ms (FindLiveObjects: 0.131100 ms CreateObjectMapping: 0.037600 ms MarkObjects: 1.436100 ms  DeleteObjects: 0.040600 ms)

========================================================================
Received Prepare
Registering precompiled user dll's ...
Registered in 0.002420 seconds.
Begin MonoManager ReloadAssembly
Native extension for WindowsStandalone target not found
Native extension for WebGL target not found
Refreshing native plugins compatible for Editor in 0.30 ms, found 2 plugins.
Preloading 0 native plugins for Editor in 0.00 ms.
Mono: successfully reloaded assembly
- Completed reload, in  0.625 seconds
Platform modules already initialized, skipping
Refreshing native plugins compatible for Editor in 0.30 ms, found 2 plugins.
Preloading 0 native plugins for Editor in 0.00 ms.
Unloading 1437 Unused Serialized files (Serialized files now loaded: 0)
System memory in use before: 78.7 MB.
System memory in use after: 78.8 MB.

Unloading 14 unused Assets to reduce memory usage. Loaded Objects now: 1997.
Total: 1.656300 ms (FindLiveObjects: 0.132000 ms CreateObjectMapping: 0.039000 ms MarkObjects: 1.446400 ms  DeleteObjects: 0.038300 ms)

========================================================================
Received Import Request.
  Time since last request: 644.818137 seconds.
  path: Assets/Prefabs/Capsule.prefab
  artifactKey: Guid(de7e81a997aaba44aae165ce842b797a) Importer(815301076,1909f56bfc062723c751e8b465ee728b)
Start importing Assets/Prefabs/Capsule.prefab using Guid(de7e81a997aaba44aae165ce842b797a) Importer(815301076,1909f56bfc062723c751e8b465ee728b)  -> (artifact id: '6805266a5199fed9dcfa885876098f76') in 0.049914 seconds
  Import took 0.052152 seconds .

========================================================================
Received Import Request.
  Time since last request: 0.000370 seconds.
  path: Assets/Prefabs/Capsule.prefab
  artifactKey: Guid(de7e81a997aaba44aae165ce842b797a) Importer(815301076,1909f56bfc062723c751e8b465ee728b)
Start importing Assets/Prefabs/Capsule.prefab using Guid(de7e81a997aaba44aae165ce842b797a) Importer(815301076,1909f56bfc062723c751e8b465ee728b)  -> (artifact id: '6805266a5199fed9dcfa885876098f76') in 0.004914 seconds
  Import took 0.006793 seconds .

========================================================================
Received Prepare
Registering precompiled user dll's ...
Registered in 0.002623 seconds.
Begin MonoManager ReloadAssembly
Native extension for WindowsStandalone target not found
Native extension for WebGL target not found
Refreshing native plugins compatible for Editor in 0.33 ms, found 2 plugins.
Preloading 0 native plugins for Editor in 0.00 ms.
Mono: successfully reloaded assembly
- Completed reload, in  0.643 seconds
Platform modules already initialized, skipping
Refreshing native plugins compatible for Editor in 0.34 ms, found 2 plugins.
Preloading 0 native plugins for Editor in 0.00 ms.
Unloading 1437 Unused Serialized files (Serialized files now loaded: 0)
System memory in use before: 78.8 MB.
System memory in use after: 78.8 MB.

Unloading 15 unused Assets to reduce memory usage. Loaded Objects now: 2002.
Total: 1.800000 ms (FindLiveObjects: 0.133000 ms CreateObjectMapping: 0.041600 ms MarkObjects: 1.582100 ms  DeleteObjects: 0.042500 ms)

========================================================================
Received Prepare
Registering precompiled user dll's ...
Registered in 0.002552 seconds.
Begin MonoManager ReloadAssembly
Native extension for WindowsStandalone target not found
Native extension for WebGL target not found
Refreshing native plugins compatible for Editor in 0.30 ms, found 2 plugins.
Preloading 0 native plugins for Editor in 0.00 ms.
Mono: successfully reloaded assembly
- Completed reload, in  0.688 seconds
Platform modules already initialized, skipping
Refreshing native plugins compatible for Editor in 0.49 ms, found 2 plugins.
Preloading 0 native plugins for Editor in 0.00 ms.
Unloading 1437 Unused Serialized files (Serialized files now loaded: 0)
System memory in use before: 78.8 MB.
System memory in use after: 78.8 MB.

Unloading 14 unused Assets to reduce memory usage. Loaded Objects now: 2005.
Total: 1.806200 ms (FindLiveObjects: 0.150500 ms CreateObjectMapping: 0.056200 ms MarkObjects: 1.549500 ms  DeleteObjects: 0.049200 ms)

AssetImportWorkerClient::OnTransportError - code=2 error=End of file
